<?xml version="1.0" encoding="UTF-8"?>
<testng-results ignored="0" total="1" passed="1" failed="0" skipped="0">
  <reporter-output>
  </reporter-output>
  <suite started-at="2025-07-23T08:57:55 UTC" name="Surefire suite" finished-at="2025-07-23T08:58:06 UTC" duration-ms="11336">
    <groups>
    </groups>
    <test started-at="2025-07-23T08:57:55 UTC" name="Surefire test" finished-at="2025-07-23T08:58:06 UTC" duration-ms="11336">
      <class name="elements.FormTest">
        <test-method is-config="true" signature="setUp()[pri:0, instance:elements.FormTest@670002]" started-at="2025-07-23T08:57:55 UTC" name="setUp" finished-at="2025-07-23T08:58:04 UTC" duration-ms="8919" status="PASS">
          <reporter-output>
          </reporter-output>
        </test-method> <!-- setUp -->
        <test-method signature="fillForm()[pri:0, instance:elements.FormTest@670002]" started-at="2025-07-23T08:58:04 UTC" name="fillForm" finished-at="2025-07-23T08:58:05 UTC" duration-ms="1550" status="PASS">
          <reporter-output>
          </reporter-output>
        </test-method> <!-- fillForm -->
        <test-method is-config="true" signature="tearDown()[pri:0, instance:elements.FormTest@670002]" started-at="2025-07-23T08:58:05 UTC" name="tearDown" finished-at="2025-07-23T08:58:06 UTC" duration-ms="786" status="PASS">
          <reporter-output>
          </reporter-output>
        </test-method> <!-- tearDown -->
      </class> <!-- elements.FormTest -->
    </test> <!-- Surefire test -->
  </suite> <!-- Surefire suite -->
</testng-results>
