<?xml version="1.0" encoding="UTF-8"?>
<testng-results ignored="0" total="1" passed="1" failed="0" skipped="0">
  <reporter-output>
  </reporter-output>
  <suite started-at="2025-07-23T09:03:10 UTC" name="Default suite" finished-at="2025-07-23T09:03:15 UTC" duration-ms="5731">
    <groups>
    </groups>
    <test started-at="2025-07-23T09:03:10 UTC" name="Default test" finished-at="2025-07-23T09:03:15 UTC" duration-ms="5731">
      <class name="tests.googletest">
        <test-method is-config="true" signature="setupReport()[pri:0, instance:tests.googletest@4d9e68d0]" started-at="2025-07-23T09:03:09 UTC" name="setupReport" finished-at="2025-07-23T09:03:10 UTC" duration-ms="499" status="PASS">
          <reporter-output>
          </reporter-output>
        </test-method> <!-- setupReport -->
        <test-method is-config="true" signature="setup()[pri:0, instance:tests.googletest@4d9e68d0]" started-at="2025-07-23T09:03:10 UTC" name="setup" finished-at="2025-07-23T09:03:14 UTC" duration-ms="3862" status="PASS">
          <reporter-output>
          </reporter-output>
        </test-method> <!-- setup -->
        <test-method signature="openGoogleTest()[pri:0, instance:tests.googletest@4d9e68d0]" started-at="2025-07-23T09:03:14 UTC" name="openGoogleTest" finished-at="2025-07-23T09:03:15 UTC" duration-ms="1428" status="PASS">
          <reporter-output>
          </reporter-output>
        </test-method> <!-- openGoogleTest -->
        <test-method is-config="true" signature="tearDown()[pri:0, instance:tests.googletest@4d9e68d0]" started-at="2025-07-23T09:03:15 UTC" name="tearDown" finished-at="2025-07-23T09:03:15 UTC" duration-ms="373" status="PASS">
          <reporter-output>
          </reporter-output>
        </test-method> <!-- tearDown -->
        <test-method is-config="true" signature="tearDownReport()[pri:0, instance:tests.googletest@4d9e68d0]" started-at="2025-07-23T09:03:15 UTC" name="tearDownReport" finished-at="2025-07-23T09:03:16 UTC" duration-ms="707" status="PASS">
          <reporter-output>
          </reporter-output>
        </test-method> <!-- tearDownReport -->
      </class> <!-- tests.googletest -->
    </test> <!-- Default test -->
  </suite> <!-- Default suite -->
</testng-results>
